[      74ms] [INFO] %cDownload the React DevTools for a better development experience: https://reactjs.org/link/react-devtools font-weight:bold @ http://localhost:5173/taskcycle/node_modules/.vite/deps/chunk-NUMECXU6.js?v=86eb9a60:21550
[     113ms] [WARNING] ⚠️ React Router Future Flag Warning: React Router will begin wrapping state updates in `React.startTransition` in v7. You can use the `v7_startTransition` future flag to opt-in early. For more information, see https://reactrouter.com/v6/upgrading/future#v7_starttransition. @ http://localhost:5173/taskcycle/node_modules/.vite/deps/react-router-dom.js?v=86eb9a60:4435
[     113ms] [WARNING] ⚠️ React Router Future Flag Warning: Relative route resolution within Splat routes is changing in v7. You can use the `v7_relativeSplatPath` future flag to opt-in early. For more information, see https://reactrouter.com/v6/upgrading/future#v7_relativesplatpath. @ http://localhost:5173/taskcycle/node_modules/.vite/deps/react-router-dom.js?v=86eb9a60:4435
[     413ms] [ERROR] Failed to load resource: the server responded with a status of 404 (Not Found) @ http://localhost:5173/favicon.ico:0
[   23747ms] [INFO] %cDownload the React DevTools for a better development experience: https://reactjs.org/link/react-devtools font-weight:bold @ http://localhost:5173/taskcycle/node_modules/.vite/deps/chunk-NUMECXU6.js?v=86eb9a60:21550
[   23752ms] [WARNING] ⚠️ React Router Future Flag Warning: React Router will begin wrapping state updates in `React.startTransition` in v7. You can use the `v7_startTransition` future flag to opt-in early. For more information, see https://reactrouter.com/v6/upgrading/future#v7_starttransition. @ http://localhost:5173/taskcycle/node_modules/.vite/deps/react-router-dom.js?v=86eb9a60:4435
[   23752ms] [WARNING] ⚠️ React Router Future Flag Warning: Relative route resolution within Splat routes is changing in v7. You can use the `v7_relativeSplatPath` future flag to opt-in early. For more information, see https://reactrouter.com/v6/upgrading/future#v7_relativesplatpath. @ http://localhost:5173/taskcycle/node_modules/.vite/deps/react-router-dom.js?v=86eb9a60:4435
[   40992ms] [INFO] %cDownload the React DevTools for a better development experience: https://reactjs.org/link/react-devtools font-weight:bold @ http://localhost:5173/taskcycle/node_modules/.vite/deps/chunk-NUMECXU6.js?v=86eb9a60:21550
[   40997ms] [WARNING] ⚠️ React Router Future Flag Warning: React Router will begin wrapping state updates in `React.startTransition` in v7. You can use the `v7_startTransition` future flag to opt-in early. For more information, see https://reactrouter.com/v6/upgrading/future#v7_starttransition. @ http://localhost:5173/taskcycle/node_modules/.vite/deps/react-router-dom.js?v=86eb9a60:4435
[   40997ms] [WARNING] ⚠️ React Router Future Flag Warning: Relative route resolution within Splat routes is changing in v7. You can use the `v7_relativeSplatPath` future flag to opt-in early. For more information, see https://reactrouter.com/v6/upgrading/future#v7_relativesplatpath. @ http://localhost:5173/taskcycle/node_modules/.vite/deps/react-router-dom.js?v=86eb9a60:4435
[   41076ms] [INFO] %cDownload the React DevTools for a better development experience: https://reactjs.org/link/react-devtools font-weight:bold @ http://localhost:5173/taskcycle/node_modules/.vite/deps/chunk-NUMECXU6.js?v=86eb9a60:21550
[   41080ms] [WARNING] ⚠️ React Router Future Flag Warning: React Router will begin wrapping state updates in `React.startTransition` in v7. You can use the `v7_startTransition` future flag to opt-in early. For more information, see https://reactrouter.com/v6/upgrading/future#v7_starttransition. @ http://localhost:5173/taskcycle/node_modules/.vite/deps/react-router-dom.js?v=86eb9a60:4435
[   41080ms] [WARNING] ⚠️ React Router Future Flag Warning: Relative route resolution within Splat routes is changing in v7. You can use the `v7_relativeSplatPath` future flag to opt-in early. For more information, see https://reactrouter.com/v6/upgrading/future#v7_relativesplatpath. @ http://localhost:5173/taskcycle/node_modules/.vite/deps/react-router-dom.js?v=86eb9a60:4435
[  419452ms] ReferenceError: ViewToggle is not defined
    at TaskListView (http://localhost:5173/taskcycle/src/views/TaskListView.tsx?t=1776294913114:60:34)
    at renderWithHooks (http://localhost:5173/taskcycle/node_modules/.vite/deps/chunk-NUMECXU6.js?v=86eb9a60:11548:26)
    at mountIndeterminateComponent (http://localhost:5173/taskcycle/node_modules/.vite/deps/chunk-NUMECXU6.js?v=86eb9a60:14926:21)
    at beginWork (http://localhost:5173/taskcycle/node_modules/.vite/deps/chunk-NUMECXU6.js?v=86eb9a60:15914:22)
    at HTMLUnknownElement.callCallback2 (http://localhost:5173/taskcycle/node_modules/.vite/deps/chunk-NUMECXU6.js?v=86eb9a60:3674:22)
    at Object.invokeGuardedCallbackDev (http://localhost:5173/taskcycle/node_modules/.vite/deps/chunk-NUMECXU6.js?v=86eb9a60:3699:24)
    at invokeGuardedCallback (http://localhost:5173/taskcycle/node_modules/.vite/deps/chunk-NUMECXU6.js?v=86eb9a60:3733:39)
    at beginWork$1 (http://localhost:5173/taskcycle/node_modules/.vite/deps/chunk-NUMECXU6.js?v=86eb9a60:19765:15)
    at performUnitOfWork (http://localhost:5173/taskcycle/node_modules/.vite/deps/chunk-NUMECXU6.js?v=86eb9a60:19198:20)
    at workLoopSync (http://localhost:5173/taskcycle/node_modules/.vite/deps/chunk-NUMECXU6.js?v=86eb9a60:19137:13)
[  419453ms] ReferenceError: ViewToggle is not defined
    at TaskListView (http://localhost:5173/taskcycle/src/views/TaskListView.tsx?t=1776294913114:60:34)
    at renderWithHooks (http://localhost:5173/taskcycle/node_modules/.vite/deps/chunk-NUMECXU6.js?v=86eb9a60:11548:26)
    at mountIndeterminateComponent (http://localhost:5173/taskcycle/node_modules/.vite/deps/chunk-NUMECXU6.js?v=86eb9a60:14926:21)
    at beginWork (http://localhost:5173/taskcycle/node_modules/.vite/deps/chunk-NUMECXU6.js?v=86eb9a60:15914:22)
    at HTMLUnknownElement.callCallback2 (http://localhost:5173/taskcycle/node_modules/.vite/deps/chunk-NUMECXU6.js?v=86eb9a60:3674:22)
    at Object.invokeGuardedCallbackDev (http://localhost:5173/taskcycle/node_modules/.vite/deps/chunk-NUMECXU6.js?v=86eb9a60:3699:24)
    at invokeGuardedCallback (http://localhost:5173/taskcycle/node_modules/.vite/deps/chunk-NUMECXU6.js?v=86eb9a60:3733:39)
    at beginWork$1 (http://localhost:5173/taskcycle/node_modules/.vite/deps/chunk-NUMECXU6.js?v=86eb9a60:19765:15)
    at performUnitOfWork (http://localhost:5173/taskcycle/node_modules/.vite/deps/chunk-NUMECXU6.js?v=86eb9a60:19198:20)
    at workLoopSync (http://localhost:5173/taskcycle/node_modules/.vite/deps/chunk-NUMECXU6.js?v=86eb9a60:19137:13)
[  419454ms] [ERROR] The above error occurred in the <TaskListView> component:

    at TaskListView (http://localhost:5173/taskcycle/src/views/TaskListView.tsx?t=1776294913114:35:7)
    at RenderedRoute (http://localhost:5173/taskcycle/node_modules/.vite/deps/react-router-dom.js?v=86eb9a60:4131:5)
    at Routes (http://localhost:5173/taskcycle/node_modules/.vite/deps/react-router-dom.js?v=86eb9a60:4601:5)
    at Suspense
    at AppShell (http://localhost:5173/taskcycle/src/App.tsx?t=1776294903319:70:3)
    at App
    at Router (http://localhost:5173/taskcycle/node_modules/.vite/deps/react-router-dom.js?v=86eb9a60:4544:15)
    at BrowserRouter (http://localhost:5173/taskcycle/node_modules/.vite/deps/react-router-dom.js?v=86eb9a60:5290:5)

Consider adding an error boundary to your tree to customize error handling behavior.
Visit https://reactjs.org/link/error-boundaries to learn more about error boundaries. @ http://localhost:5173/taskcycle/node_modules/.vite/deps/chunk-NUMECXU6.js?v=86eb9a60:14031
[  419454ms] ReferenceError: ViewToggle is not defined
    at TaskListView (http://localhost:5173/taskcycle/src/views/TaskListView.tsx?t=1776294913114:60:34)
    at renderWithHooks (http://localhost:5173/taskcycle/node_modules/.vite/deps/chunk-NUMECXU6.js?v=86eb9a60:11548:26)
    at mountIndeterminateComponent (http://localhost:5173/taskcycle/node_modules/.vite/deps/chunk-NUMECXU6.js?v=86eb9a60:14926:21)
    at beginWork (http://localhost:5173/taskcycle/node_modules/.vite/deps/chunk-NUMECXU6.js?v=86eb9a60:15914:22)
    at beginWork$1 (http://localhost:5173/taskcycle/node_modules/.vite/deps/chunk-NUMECXU6.js?v=86eb9a60:19753:22)
    at performUnitOfWork (http://localhost:5173/taskcycle/node_modules/.vite/deps/chunk-NUMECXU6.js?v=86eb9a60:19198:20)
    at workLoopSync (http://localhost:5173/taskcycle/node_modules/.vite/deps/chunk-NUMECXU6.js?v=86eb9a60:19137:13)
    at renderRootSync (http://localhost:5173/taskcycle/node_modules/.vite/deps/chunk-NUMECXU6.js?v=86eb9a60:19116:15)
    at recoverFromConcurrentError (http://localhost:5173/taskcycle/node_modules/.vite/deps/chunk-NUMECXU6.js?v=86eb9a60:18736:28)
    at performSyncWorkOnRoot (http://localhost:5173/taskcycle/node_modules/.vite/deps/chunk-NUMECXU6.js?v=86eb9a60:18879:28)
